# JRE version: Java(TM) SE Runtime Environment (8.0_112-b15) (build 1.8.0_112-b15)
# Java VM: Java HotSpot(TM) 64-Bit Server VM (25.112-b15 mixed mode windows-amd64 compressed oops)
Heap:
 PSYoungGen      total 285696K, used 32745K [0x0000000780580000, 0x0000000795200000, 0x00000007c0000000)
  eden space 274944K, 11% used [0x0000000780580000,0x000000078257a618,0x0000000791200000)
  from space 10752K, 0% used [0x0000000791d00000,0x0000000791d00000,0x0000000792780000)
  to   space 11264K, 0% used [0x0000000791200000,0x0000000791200000,0x0000000791d00000)
 ParOldGen       total 103424K, used 13017K [0x0000000701000000, 0x0000000707500000, 0x0000000780580000)
  object space 103424K, 12% used [0x0000000701000000,0x0000000701cb6508,0x0000000707500000)
 Metaspace       used 35481K, capacity 37276K, committed 37592K, reserved 1081344K
  class space    used 4661K, capacity 5013K, committed 5120K, reserved 1048576K
GC Heap History (10 events):
Event: 3.816 GC heap before
{Heap before GC invocations=6 (full 1):
 PSYoungGen      total 106496K, used 5661K [0x0000000780580000, 0x000000078d380000, 0x00000007c0000000)
  eden space 98304K, 0% used [0x0000000780580000,0x0000000780580000,0x0000000786580000)
  from space 8192K, 69% used [0x0000000786580000,0x0000000786b07518,0x0000000786d80000)
  to   space 7168K, 0% used [0x000000078cc80000,0x000000078cc80000,0x000000078d380000)
 ParOldGen       total 131072K, used 40K [0x0000000701000000, 0x0000000709000000, 0x0000000780580000)
  object space 131072K, 0% used [0x0000000701000000,0x000000070100a000,0x0000000709000000)
 Metaspace       used 20526K, capacity 21126K, committed 21248K, reserved 1067008K
  class space    used 2602K, capacity 2766K, committed 2816K, reserved 1048576K
Event: 3.858 GC heap after
Heap after GC invocations=6 (full 1):
 PSYoungGen      total 106496K, used 0K [0x0000000780580000, 0x000000078d380000, 0x00000007c0000000)
  eden space 98304K, 0% used [0x0000000780580000,0x0000000780580000,0x0000000786580000)
  from space 8192K, 0% used [0x0000000786580000,0x0000000786580000,0x0000000786d80000)
  to   space 7168K, 0% used [0x000000078cc80000,0x000000078cc80000,0x000000078d380000)
 ParOldGen       total 68096K, used 5548K [0x0000000701000000, 0x0000000705280000, 0x0000000780580000)
  object space 68096K, 8% used [0x0000000701000000,0x000000070156b2f0,0x0000000705280000)
 Metaspace       used 20524K, capacity 21120K, committed 21248K, reserved 1067008K
  class space    used 2602K, capacity 2765K, committed 2816K, reserved 1048576K
}
Event: 4.478 GC heap before
{Heap before GC invocations=7 (full 1):
 PSYoungGen      total 106496K, used 98304K [0x0000000780580000, 0x000000078d380000, 0x00000007c0000000)
  eden space 98304K, 100% used [0x0000000780580000,0x0000000786580000,0x0000000786580000)
  from space 8192K, 0% used [0x0000000786580000,0x0000000786580000,0x0000000786d80000)
  to   space 7168K, 0% used [0x000000078cc80000,0x000000078cc80000,0x000000078d380000)
 ParOldGen       total 68096K, used 5548K [0x0000000701000000, 0x0000000705280000, 0x0000000780580000)
  object space 68096K, 8% used [0x0000000701000000,0x000000070156b2f0,0x0000000705280000)
 Metaspace       used 23378K, capacity 24174K, committed 24192K, reserved 1071104K
  class space    used 2990K, capacity 3190K, committed 3200K, reserved 1048576K
Event: 4.485 GC heap after
Heap after GC invocations=7 (full 1):
 PSYoungGen      total 171520K, used 4406K [0x0000000780580000, 0x000000078d100000, 0x00000007c0000000)
  eden space 166912K, 0% used [0x0000000780580000,0x0000000780580000,0x000000078a880000)
  from space 4608K, 95% used [0x000000078cc80000,0x000000078d0cd830,0x000000078d100000)
  to   space 7680K, 0% used [0x000000078c200000,0x000000078c200000,0x000000078c980000)
 ParOldGen       total 68096K, used 5556K [0x0000000701000000, 0x0000000705280000, 0x0000000780580000)
  object space 68096K, 8% used [0x0000000701000000,0x000000070156d2f0,0x0000000705280000)
 Metaspace       used 23378K, capacity 24174K, committed 24192K, reserved 1071104K
  class space    used 2990K, capacity 3190K, committed 3200K, reserved 1048576K
}
Event: 7.533 GC heap before
{Heap before GC invocations=8 (full 1):
 PSYoungGen      total 171520K, used 171318K [0x0000000780580000, 0x000000078d100000, 0x00000007c0000000)
  eden space 166912K, 100% used [0x0000000780580000,0x000000078a880000,0x000000078a880000)
  from space 4608K, 95% used [0x000000078cc80000,0x000000078d0cd830,0x000000078d100000)
  to   space 7680K, 0% used [0x000000078c200000,0x000000078c200000,0x000000078c980000)
 ParOldGen       total 68096K, used 5556K [0x0000000701000000, 0x0000000705280000, 0x0000000780580000)
  object space 68096K, 8% used [0x0000000701000000,0x000000070156d2f0,0x0000000705280000)
 Metaspace       used 31185K, capacity 32868K, committed 33152K, reserved 1077248K
  class space    used 4075K, capacity 4395K, committed 4480K, reserved 1048576K
Event: 7.553 GC heap after
Heap after GC invocations=8 (full 1):
 PSYoungGen      total 200704K, used 7671K [0x0000000780580000, 0x0000000792780000, 0x00000007c0000000)
  eden space 193024K, 0% used [0x0000000780580000,0x0000000780580000,0x000000078c200000)
  from space 7680K, 99% used [0x000000078c200000,0x000000078c97dc08,0x000000078c980000)
  to   space 10752K, 0% used [0x0000000791d00000,0x0000000791d00000,0x0000000792780000)
 ParOldGen       total 68096K, used 10537K [0x0000000701000000, 0x0000000705280000, 0x0000000780580000)
  object space 68096K, 15% used [0x0000000701000000,0x0000000701a4a4b8,0x0000000705280000)
 Metaspace       used 31185K, capacity 32868K, committed 33152K, reserved 1077248K
  class space    used 4075K, capacity 4395K, committed 4480K, reserved 1048576K
}
Event: 8.383 GC heap before
{Heap before GC invocations=9 (full 1):
 PSYoungGen      total 200704K, used 89920K [0x0000000780580000, 0x0000000792780000, 0x00000007c0000000)
  eden space 193024K, 42% used [0x0000000780580000,0x00000007855d25c0,0x000000078c200000)
  from space 7680K, 99% used [0x000000078c200000,0x000000078c97dc08,0x000000078c980000)
  to   space 10752K, 0% used [0x0000000791d00000,0x0000000791d00000,0x0000000792780000)
 ParOldGen       total 68096K, used 10537K [0x0000000701000000, 0x0000000705280000, 0x0000000780580000)
  object space 68096K, 15% used [0x0000000701000000,0x0000000701a4a4b8,0x0000000705280000)
 Metaspace       used 33562K, capacity 35344K, committed 35416K, reserved 1079296K
  class space    used 4344K, capacity 4691K, committed 4736K, reserved 1048576K
Event: 8.399 GC heap after
Heap after GC invocations=9 (full 1):
 PSYoungGen      total 285696K, used 8911K [0x0000000780580000, 0x0000000795200000, 0x00000007c0000000)
  eden space 274944K, 0% used [0x0000000780580000,0x0000000780580000,0x0000000791200000)
  from space 10752K, 82% used [0x0000000791d00000,0x00000007925b3d58,0x0000000792780000)
  to   space 11264K, 0% used [0x0000000791200000,0x0000000791200000,0x0000000791d00000)
 ParOldGen       total 68096K, used 10545K [0x0000000701000000, 0x0000000705280000, 0x0000000780580000)
  object space 68096K, 15% used [0x0000000701000000,0x0000000701a4c4b8,0x0000000705280000)
 Metaspace       used 33562K, capacity 35344K, committed 35416K, reserved 1079296K
  class space    used 4344K, capacity 4691K, committed 4736K, reserved 1048576K
}
Event: 8.399 GC heap before
{Heap before GC invocations=10 (full 2):
 PSYoungGen      total 285696K, used 8911K [0x0000000780580000, 0x0000000795200000, 0x00000007c0000000)
  eden space 274944K, 0% used [0x0000000780580000,0x0000000780580000,0x0000000791200000)
  from space 10752K, 82% used [0x0000000791d00000,0x00000007925b3d58,0x0000000792780000)
  to   space 11264K, 0% used [0x0000000791200000,0x0000000791200000,0x0000000791d00000)
 ParOldGen       total 68096K, used 10545K [0x0000000701000000, 0x0000000705280000, 0x0000000780580000)
  object space 68096K, 15% used [0x0000000701000000,0x0000000701a4c4b8,0x0000000705280000)
 Metaspace       used 33562K, capacity 35344K, committed 35416K, reserved 1079296K
  class space    used 4344K, capacity 4691K, committed 4736K, reserved 1048576K
Event: 8.471 GC heap after
Heap after GC invocations=10 (full 2):
 PSYoungGen      total 285696K, used 0K [0x0000000780580000, 0x0000000795200000, 0x00000007c0000000)
  eden space 274944K, 0% used [0x0000000780580000,0x0000000780580000,0x0000000791200000)
  from space 10752K, 0% used [0x0000000791d00000,0x0000000791d00000,0x0000000792780000)
  to   space 11264K, 0% used [0x0000000791200000,0x0000000791200000,0x0000000791d00000)
 ParOldGen       total 103424K, used 13017K [0x0000000701000000, 0x0000000707500000, 0x0000000780580000)
  object space 103424K, 12% used [0x0000000701000000,0x0000000701cb6508,0x0000000707500000)
 Metaspace       used 33562K, capacity 35344K, committed 35416K, reserved 1079296K
  class space    used 4344K, capacity 4691K, committed 4736K, reserved 1048576K
}

