# JRE version: Java(TM) SE Runtime Environment (8.0_112-b15) (build 1.8.0_112-b15)
# Java VM: Java HotSpot(TM) 64-Bit Server VM (25.112-b15 mixed mode windows-amd64 compressed oops)
Heap:
 PSYoungGen      total 275456K, used 35375K [0x0000000780580000, 0x0000000794b80000, 0x00000007c0000000)
  eden space 265216K, 13% used [0x0000000780580000,0x000000078280bf00,0x0000000790880000)
  from space 10240K, 0% used [0x0000000791380000,0x0000000791380000,0x0000000791d80000)
  to   space 11264K, 0% used [0x0000000790880000,0x0000000790880000,0x0000000791380000)
 ParOldGen       total 70144K, used 13131K [0x0000000701000000, 0x0000000705480000, 0x0000000780580000)
  object space 70144K, 18% used [0x0000000701000000,0x0000000701cd2df8,0x0000000705480000)
 Metaspace       used 35836K, capacity 37666K, committed 37848K, reserved 1081344K
  class space    used 4721K, capacity 5078K, committed 5120K, reserved 1048576K
GC Heap History (10 events):
Event: 3.038 GC heap before
{Heap before GC invocations=6 (full 1):
 PSYoungGen      total 106496K, used 5650K [0x0000000780580000, 0x000000078d380000, 0x00000007c0000000)
  eden space 98304K, 0% used [0x0000000780580000,0x0000000780580000,0x0000000786580000)
  from space 8192K, 68% used [0x0000000786580000,0x0000000786b04ba8,0x0000000786d80000)
  to   space 7168K, 0% used [0x000000078cc80000,0x000000078cc80000,0x000000078d380000)
 ParOldGen       total 131072K, used 40K [0x0000000701000000, 0x0000000709000000, 0x0000000780580000)
  object space 131072K, 0% used [0x0000000701000000,0x000000070100a000,0x0000000709000000)
 Metaspace       used 20541K, capacity 21120K, committed 21248K, reserved 1067008K
  class space    used 2599K, capacity 2765K, committed 2816K, reserved 1048576K
Event: 3.084 GC heap after
Heap after GC invocations=6 (full 1):
 PSYoungGen      total 106496K, used 0K [0x0000000780580000, 0x000000078d380000, 0x00000007c0000000)
  eden space 98304K, 0% used [0x0000000780580000,0x0000000780580000,0x0000000786580000)
  from space 8192K, 0% used [0x0000000786580000,0x0000000786580000,0x0000000786d80000)
  to   space 7168K, 0% used [0x000000078cc80000,0x000000078cc80000,0x000000078d380000)
 ParOldGen       total 70144K, used 5473K [0x0000000701000000, 0x0000000705480000, 0x0000000780580000)
  object space 70144K, 7% used [0x0000000701000000,0x0000000701558780,0x0000000705480000)
 Metaspace       used 20541K, capacity 21120K, committed 21248K, reserved 1067008K
  class space    used 2599K, capacity 2765K, committed 2816K, reserved 1048576K
}
Event: 3.970 GC heap before
{Heap before GC invocations=7 (full 1):
 PSYoungGen      total 106496K, used 98304K [0x0000000780580000, 0x000000078d380000, 0x00000007c0000000)
  eden space 98304K, 100% used [0x0000000780580000,0x0000000786580000,0x0000000786580000)
  from space 8192K, 0% used [0x0000000786580000,0x0000000786580000,0x0000000786d80000)
  to   space 7168K, 0% used [0x000000078cc80000,0x000000078cc80000,0x000000078d380000)
 ParOldGen       total 70144K, used 5473K [0x0000000701000000, 0x0000000705480000, 0x0000000780580000)
  object space 70144K, 7% used [0x0000000701000000,0x0000000701558780,0x0000000705480000)
 Metaspace       used 23316K, capacity 24068K, committed 24192K, reserved 1071104K
  class space    used 2975K, capacity 3157K, committed 3200K, reserved 1048576K
Event: 3.989 GC heap after
Heap after GC invocations=7 (full 1):
 PSYoungGen      total 168960K, used 4283K [0x0000000780580000, 0x000000078d100000, 0x00000007c0000000)
  eden space 164352K, 0% used [0x0000000780580000,0x0000000780580000,0x000000078a600000)
  from space 4608K, 92% used [0x000000078cc80000,0x000000078d0aede0,0x000000078d100000)
  to   space 7168K, 0% used [0x000000078c300000,0x000000078c300000,0x000000078ca00000)
 ParOldGen       total 70144K, used 5473K [0x0000000701000000, 0x0000000705480000, 0x0000000780580000)
  object space 70144K, 7% used [0x0000000701000000,0x0000000701558780,0x0000000705480000)
 Metaspace       used 23316K, capacity 24068K, committed 24192K, reserved 1071104K
  class space    used 2975K, capacity 3157K, committed 3200K, reserved 1048576K
}
Event: 6.951 GC heap before
{Heap before GC invocations=8 (full 1):
 PSYoungGen      total 168960K, used 168635K [0x0000000780580000, 0x000000078d100000, 0x00000007c0000000)
  eden space 164352K, 100% used [0x0000000780580000,0x000000078a600000,0x000000078a600000)
  from space 4608K, 92% used [0x000000078cc80000,0x000000078d0aede0,0x000000078d100000)
  to   space 7168K, 0% used [0x000000078c300000,0x000000078c300000,0x000000078ca00000)
 ParOldGen       total 70144K, used 5473K [0x0000000701000000, 0x0000000705480000, 0x0000000780580000)
  object space 70144K, 7% used [0x0000000701000000,0x0000000701558780,0x0000000705480000)
 Metaspace       used 31000K, capacity 32642K, committed 32896K, reserved 1077248K
  class space    used 4060K, capacity 4362K, committed 4480K, reserved 1048576K
Event: 6.971 GC heap after
Heap after GC invocations=8 (full 1):
 PSYoungGen      total 201216K, used 7156K [0x0000000780580000, 0x0000000791d80000, 0x00000007c0000000)
  eden space 194048K, 0% used [0x0000000780580000,0x0000000780580000,0x000000078c300000)
  from space 7168K, 99% used [0x000000078c300000,0x000000078c9fd050,0x000000078ca00000)
  to   space 10240K, 0% used [0x0000000791380000,0x0000000791380000,0x0000000791d80000)
 ParOldGen       total 70144K, used 10521K [0x0000000701000000, 0x0000000705480000, 0x0000000780580000)
  object space 70144K, 14% used [0x0000000701000000,0x0000000701a46428,0x0000000705480000)
 Metaspace       used 31000K, capacity 32642K, committed 32896K, reserved 1077248K
  class space    used 4060K, capacity 4362K, committed 4480K, reserved 1048576K
}
Event: 7.717 GC heap before
{Heap before GC invocations=9 (full 1):
 PSYoungGen      total 201216K, used 90539K [0x0000000780580000, 0x0000000791d80000, 0x00000007c0000000)
  eden space 194048K, 42% used [0x0000000780580000,0x00000007856edee8,0x000000078c300000)
  from space 7168K, 99% used [0x000000078c300000,0x000000078c9fd050,0x000000078ca00000)
  to   space 10240K, 0% used [0x0000000791380000,0x0000000791380000,0x0000000791d80000)
 ParOldGen       total 70144K, used 10521K [0x0000000701000000, 0x0000000705480000, 0x0000000780580000)
  object space 70144K, 14% used [0x0000000701000000,0x0000000701a46428,0x0000000705480000)
 Metaspace       used 33567K, capacity 35348K, committed 35416K, reserved 1079296K
  class space    used 4344K, capacity 4691K, committed 4736K, reserved 1048576K
Event: 7.731 GC heap after
Heap after GC invocations=9 (full 1):
 PSYoungGen      total 275456K, used 9007K [0x0000000780580000, 0x0000000794b80000, 0x00000007c0000000)
  eden space 265216K, 0% used [0x0000000780580000,0x0000000780580000,0x0000000790880000)
  from space 10240K, 87% used [0x0000000791380000,0x0000000791c4bd58,0x0000000791d80000)
  to   space 11264K, 0% used [0x0000000790880000,0x0000000790880000,0x0000000791380000)
 ParOldGen       total 70144K, used 10529K [0x0000000701000000, 0x0000000705480000, 0x0000000780580000)
  object space 70144K, 15% used [0x0000000701000000,0x0000000701a48428,0x0000000705480000)
 Metaspace       used 33567K, capacity 35348K, committed 35416K, reserved 1079296K
  class space    used 4344K, capacity 4691K, committed 4736K, reserved 1048576K
}
Event: 7.731 GC heap before
{Heap before GC invocations=10 (full 2):
 PSYoungGen      total 275456K, used 9007K [0x0000000780580000, 0x0000000794b80000, 0x00000007c0000000)
  eden space 265216K, 0% used [0x0000000780580000,0x0000000780580000,0x0000000790880000)
  from space 10240K, 87% used [0x0000000791380000,0x0000000791c4bd58,0x0000000791d80000)
  to   space 11264K, 0% used [0x0000000790880000,0x0000000790880000,0x0000000791380000)
 ParOldGen       total 70144K, used 10529K [0x0000000701000000, 0x0000000705480000, 0x0000000780580000)
  object space 70144K, 15% used [0x0000000701000000,0x0000000701a48428,0x0000000705480000)
 Metaspace       used 33567K, capacity 35348K, committed 35416K, reserved 1079296K
  class space    used 4344K, capacity 4691K, committed 4736K, reserved 1048576K
Event: 7.799 GC heap after
Heap after GC invocations=10 (full 2):
 PSYoungGen      total 275456K, used 0K [0x0000000780580000, 0x0000000794b80000, 0x00000007c0000000)
  eden space 265216K, 0% used [0x0000000780580000,0x0000000780580000,0x0000000790880000)
  from space 10240K, 0% used [0x0000000791380000,0x0000000791380000,0x0000000791d80000)
  to   space 11264K, 0% used [0x0000000790880000,0x0000000790880000,0x0000000791380000)
 ParOldGen       total 70144K, used 13131K [0x0000000701000000, 0x0000000705480000, 0x0000000780580000)
  object space 70144K, 18% used [0x0000000701000000,0x0000000701cd2df8,0x0000000705480000)
 Metaspace       used 33567K, capacity 35348K, committed 35416K, reserved 1079296K
  class space    used 4344K, capacity 4691K, committed 4736K, reserved 1048576K
}

