# JRE version: Java(TM) SE Runtime Environment (8.0_112-b15) (build 1.8.0_112-b15)
# Java VM: Java HotSpot(TM) 64-Bit Server VM (25.112-b15 mixed mode windows-amd64 compressed oops)
Heap:
 PSYoungGen      total 275968K, used 11785K [0x0000000780580000, 0x0000000795b80000, 0x00000007c0000000)
  eden space 265728K, 4% used [0x0000000780580000,0x00000007811026c8,0x0000000790900000)
  from space 10240K, 0% used [0x0000000791400000,0x0000000791400000,0x0000000791e00000)
  to   space 11264K, 0% used [0x0000000790900000,0x0000000790900000,0x0000000791400000)
 ParOldGen       total 104960K, used 13308K [0x0000000701000000, 0x0000000707680000, 0x0000000780580000)
  object space 104960K, 12% used [0x0000000701000000,0x0000000701cff118,0x0000000707680000)
 Metaspace       used 34192K, capacity 35994K, committed 36312K, reserved 1081344K
  class space    used 4406K, capacity 4756K, committed 4864K, reserved 1048576K
GC Heap History (10 events):
Event: 3.767 GC heap before
{Heap before GC invocations=6 (full 1):
 PSYoungGen      total 106496K, used 5695K [0x0000000780580000, 0x000000078d380000, 0x00000007c0000000)
  eden space 98304K, 0% used [0x0000000780580000,0x0000000780580000,0x0000000786580000)
  from space 8192K, 69% used [0x0000000786580000,0x0000000786b0ffe8,0x0000000786d80000)
  to   space 7168K, 0% used [0x000000078cc80000,0x000000078cc80000,0x000000078d380000)
 ParOldGen       total 131072K, used 43K [0x0000000701000000, 0x0000000709000000, 0x0000000780580000)
  object space 131072K, 0% used [0x0000000701000000,0x000000070100ac88,0x0000000709000000)
 Metaspace       used 20578K, capacity 21158K, committed 21248K, reserved 1067008K
  class space    used 2589K, capacity 2746K, committed 2816K, reserved 1048576K
Event: 3.810 GC heap after
Heap after GC invocations=6 (full 1):
 PSYoungGen      total 106496K, used 0K [0x0000000780580000, 0x000000078d380000, 0x00000007c0000000)
  eden space 98304K, 0% used [0x0000000780580000,0x0000000780580000,0x0000000786580000)
  from space 8192K, 0% used [0x0000000786580000,0x0000000786580000,0x0000000786d80000)
  to   space 7168K, 0% used [0x000000078cc80000,0x000000078cc80000,0x000000078d380000)
 ParOldGen       total 70144K, used 5550K [0x0000000701000000, 0x0000000705480000, 0x0000000780580000)
  object space 70144K, 7% used [0x0000000701000000,0x000000070156baa8,0x0000000705480000)
 Metaspace       used 20576K, capacity 21152K, committed 21248K, reserved 1067008K
  class space    used 2588K, capacity 2745K, committed 2816K, reserved 1048576K
}
Event: 4.392 GC heap before
{Heap before GC invocations=7 (full 1):
 PSYoungGen      total 106496K, used 98304K [0x0000000780580000, 0x000000078d380000, 0x00000007c0000000)
  eden space 98304K, 100% used [0x0000000780580000,0x0000000786580000,0x0000000786580000)
  from space 8192K, 0% used [0x0000000786580000,0x0000000786580000,0x0000000786d80000)
  to   space 7168K, 0% used [0x000000078cc80000,0x000000078cc80000,0x000000078d380000)
 ParOldGen       total 70144K, used 5555K [0x0000000701000000, 0x0000000705480000, 0x0000000780580000)
  object space 70144K, 7% used [0x0000000701000000,0x000000070156cc20,0x0000000705480000)
 Metaspace       used 23337K, capacity 24068K, committed 24192K, reserved 1071104K
  class space    used 2977K, capacity 3157K, committed 3200K, reserved 1048576K
Event: 4.398 GC heap after
Heap after GC invocations=7 (full 1):
 PSYoungGen      total 167936K, used 4285K [0x0000000780580000, 0x000000078d100000, 0x00000007c0000000)
  eden space 163328K, 0% used [0x0000000780580000,0x0000000780580000,0x000000078a500000)
  from space 4608K, 93% used [0x000000078cc80000,0x000000078d0af790,0x000000078d100000)
  to   space 7168K, 0% used [0x000000078c300000,0x000000078c300000,0x000000078ca00000)
 ParOldGen       total 70144K, used 5555K [0x0000000701000000, 0x0000000705480000, 0x0000000780580000)
  object space 70144K, 7% used [0x0000000701000000,0x000000070156cc20,0x0000000705480000)
 Metaspace       used 23337K, capacity 24068K, committed 24192K, reserved 1071104K
  class space    used 2977K, capacity 3157K, committed 3200K, reserved 1048576K
}
Event: 7.585 GC heap before
{Heap before GC invocations=8 (full 1):
 PSYoungGen      total 167936K, used 167613K [0x0000000780580000, 0x000000078d100000, 0x00000007c0000000)
  eden space 163328K, 100% used [0x0000000780580000,0x000000078a500000,0x000000078a500000)
  from space 4608K, 93% used [0x000000078cc80000,0x000000078d0af790,0x000000078d100000)
  to   space 7168K, 0% used [0x000000078c300000,0x000000078c300000,0x000000078ca00000)
 ParOldGen       total 70144K, used 5555K [0x0000000701000000, 0x0000000705480000, 0x0000000780580000)
  object space 70144K, 7% used [0x0000000701000000,0x000000070156cc20,0x0000000705480000)
 Metaspace       used 30926K, capacity 32638K, committed 32896K, reserved 1077248K
  class space    used 4054K, capacity 4362K, committed 4480K, reserved 1048576K
Event: 7.622 GC heap after
Heap after GC invocations=8 (full 1):
 PSYoungGen      total 201216K, used 7145K [0x0000000780580000, 0x0000000791e00000, 0x00000007c0000000)
  eden space 194048K, 0% used [0x0000000780580000,0x0000000780580000,0x000000078c300000)
  from space 7168K, 99% used [0x000000078c300000,0x000000078c9fa5f0,0x000000078ca00000)
  to   space 10240K, 0% used [0x0000000791400000,0x0000000791400000,0x0000000791e00000)
 ParOldGen       total 70144K, used 10387K [0x0000000701000000, 0x0000000705480000, 0x0000000780580000)
  object space 70144K, 14% used [0x0000000701000000,0x0000000701a24e68,0x0000000705480000)
 Metaspace       used 30926K, capacity 32638K, committed 32896K, reserved 1077248K
  class space    used 4054K, capacity 4362K, committed 4480K, reserved 1048576K
}
Event: 8.746 GC heap before
{Heap before GC invocations=9 (full 1):
 PSYoungGen      total 201216K, used 93560K [0x0000000780580000, 0x0000000791e00000, 0x00000007c0000000)
  eden space 194048K, 44% used [0x0000000780580000,0x00000007859e3d88,0x000000078c300000)
  from space 7168K, 99% used [0x000000078c300000,0x000000078c9fa5f0,0x000000078ca00000)
  to   space 10240K, 0% used [0x0000000791400000,0x0000000791400000,0x0000000791e00000)
 ParOldGen       total 70144K, used 10387K [0x0000000701000000, 0x0000000705480000, 0x0000000780580000)
  object space 70144K, 14% used [0x0000000701000000,0x0000000701a24e68,0x0000000705480000)
 Metaspace       used 33562K, capacity 35344K, committed 35416K, reserved 1079296K
  class space    used 4345K, capacity 4691K, committed 4736K, reserved 1048576K
Event: 8.796 GC heap after
Heap after GC invocations=9 (full 1):
 PSYoungGen      total 275968K, used 8947K [0x0000000780580000, 0x0000000795b80000, 0x00000007c0000000)
  eden space 265728K, 0% used [0x0000000780580000,0x0000000780580000,0x0000000790900000)
  from space 10240K, 87% used [0x0000000791400000,0x0000000791cbcee0,0x0000000791e00000)
  to   space 11264K, 0% used [0x0000000790900000,0x0000000790900000,0x0000000791400000)
 ParOldGen       total 70144K, used 10387K [0x0000000701000000, 0x0000000705480000, 0x0000000780580000)
  object space 70144K, 14% used [0x0000000701000000,0x0000000701a24e68,0x0000000705480000)
 Metaspace       used 33562K, capacity 35344K, committed 35416K, reserved 1079296K
  class space    used 4345K, capacity 4691K, committed 4736K, reserved 1048576K
}
Event: 8.796 GC heap before
{Heap before GC invocations=10 (full 2):
 PSYoungGen      total 275968K, used 8947K [0x0000000780580000, 0x0000000795b80000, 0x00000007c0000000)
  eden space 265728K, 0% used [0x0000000780580000,0x0000000780580000,0x0000000790900000)
  from space 10240K, 87% used [0x0000000791400000,0x0000000791cbcee0,0x0000000791e00000)
  to   space 11264K, 0% used [0x0000000790900000,0x0000000790900000,0x0000000791400000)
 ParOldGen       total 70144K, used 10387K [0x0000000701000000, 0x0000000705480000, 0x0000000780580000)
  object space 70144K, 14% used [0x0000000701000000,0x0000000701a24e68,0x0000000705480000)
 Metaspace       used 33562K, capacity 35344K, committed 35416K, reserved 1079296K
  class space    used 4345K, capacity 4691K, committed 4736K, reserved 1048576K
Event: 8.893 GC heap after
Heap after GC invocations=10 (full 2):
 PSYoungGen      total 275968K, used 0K [0x0000000780580000, 0x0000000795b80000, 0x00000007c0000000)
  eden space 265728K, 0% used [0x0000000780580000,0x0000000780580000,0x0000000790900000)
  from space 10240K, 0% used [0x0000000791400000,0x0000000791400000,0x0000000791e00000)
  to   space 11264K, 0% used [0x0000000790900000,0x0000000790900000,0x0000000791400000)
 ParOldGen       total 104960K, used 13308K [0x0000000701000000, 0x0000000707680000, 0x0000000780580000)
  object space 104960K, 12% used [0x0000000701000000,0x0000000701cff118,0x0000000707680000)
 Metaspace       used 33562K, capacity 35344K, committed 35416K, reserved 1079296K
  class space    used 4345K, capacity 4691K, committed 4736K, reserved 1048576K
}

